This is pdfTeX, Version 3.1415926-2.4-1.40.13 (MiKTeX 2.9) (preloaded format=pdflatex 2013.10.18)  18 OCT 2013 15:49
entering extended mode
**Pflichtenheft.tex

(C:\Users\HP1\Desktop\Stud\5Semester\SEP\repo\JoglEarth\Pflichtenheft\Pflichten
heft.tex
LaTeX2e <2011/06/27>
Babel <v3.8m> and hyphenation patterns for english, afrikaans, ancientgreek, ar
abic, armenian, assamese, basque, bengali, bokmal, bulgarian, catalan, coptic, 
croatian, czech, danish, dutch, esperanto, estonian, farsi, finnish, french, ga
lician, german, german-x-2012-05-30, greek, gujarati, hindi, hungarian, iceland
ic, indonesian, interlingua, irish, italian, kannada, kurmanji, latin, latvian,
 lithuanian, malayalam, marathi, mongolian, mongolianlmc, monogreek, ngerman, n
german-x-2012-05-30, nynorsk, oriya, panjabi, pinyin, polish, portuguese, roman
ian, russian, sanskrit, serbian, slovak, slovenian, spanish, swedish, swissgerm
an, tamil, telugu, turkish, turkmen, ukenglish, ukrainian, uppersorbian, usengl
ishmax, welsh, loaded.
(C:\Users\HP1\AppData\Roaming\MiKTeX\2.9\tex\latex\koma-script\scrreprt.cls
Document Class: scrreprt 2012/07/29 v3.11b KOMA-Script document class (report)
(C:\Users\HP1\AppData\Roaming\MiKTeX\2.9\tex\latex\koma-script\scrkbase.sty
Package: scrkbase 2012/07/29 v3.11b KOMA-Script package (KOMA-Script-dependent 
basics and keyval usage)

(C:\Users\HP1\AppData\Roaming\MiKTeX\2.9\tex\latex\koma-script\scrbase.sty
Package: scrbase 2012/07/29 v3.11b KOMA-Script package (KOMA-Script-independent
 basics and keyval usage)

("C:\Program Files (x86)\MiKTeX 2.9\tex\latex\graphics\keyval.sty"
Package: keyval 1999/03/16 v1.13 key=value parser (DPC)
\KV@toks@=\toks14
)
(C:\Users\HP1\AppData\Roaming\MiKTeX\2.9\tex\latex\koma-script\scrlfile.sty
Package: scrlfile 2012/06/15 v3.12 KOMA-Script package (loading files)

Package scrlfile, 2012/06/15 v3.12 KOMA-Script package (loading files)
                  Copyright (C) Markus Kohm

))) (C:\Users\HP1\AppData\Roaming\MiKTeX\2.9\tex\latex\koma-script\tocbasic.sty
Package: tocbasic 2012/04/04 v3.10b KOMA-Script package (handling toc-files)
)
Package tocbasic Info: omitting babel extension for `toc'
(tocbasic)             because of feature `nobabel' available
(tocbasic)             for `toc' on input line 117.
Package tocbasic Info: omitting babel extension for `lof'
(tocbasic)             because of feature `nobabel' available
(tocbasic)             for `lof' on input line 118.
Package tocbasic Info: omitting babel extension for `lot'
(tocbasic)             because of feature `nobabel' available
(tocbasic)             for `lot' on input line 119.
Package scrreprt Info: You've used obsolete option `10pt'.
(scrreprt)             \KOMAExecuteOptions{fontsize=10pt} will be
(scrreprt)             used instead.
(scrreprt)             You may simply replace `10pt'
(scrreprt)             by `fontsize=10pt'.
Class scrreprt Info: File `scrsize10pt.clo' used to setup font sizes on input l
ine 1367.

(C:\Users\HP1\AppData\Roaming\MiKTeX\2.9\tex\latex\koma-script\scrsize10pt.clo
File: scrsize10pt.clo 2012/07/29 v3.11b KOMA-Script font size class option (10p
t)
) (C:\Users\HP1\AppData\Roaming\MiKTeX\2.9\tex\latex\koma-script\typearea.sty
Package: typearea 2012/07/29 v3.11b KOMA-Script package (type area)

Package typearea, 2012/07/29 v3.11b KOMA-Script package (type area)
                  Copyright (C) Frank Neukam, 1992-1994
                  Copyright (C) Markus Kohm, 1994-

\ta@bcor=\skip41
\ta@div=\count79
\ta@hblk=\skip42
\ta@vblk=\skip43
\ta@temp=\skip44
Package typearea Info: These are the values describing the layout:
(typearea)             DIV  = 8
(typearea)             BCOR = 0.0pt
(typearea)             \paperwidth      = 597.50793pt
(typearea)              \textwidth      = 373.44246pt
(typearea)              DIV departure   = -4%
(typearea)              \evensidemargin = 39.76274pt
(typearea)              \oddsidemargin  = 39.76274pt
(typearea)             \paperheight     = 845.04694pt
(typearea)              \textheight     = 538.0pt
(typearea)              \topmargin      = 0.36087pt
(typearea)              \headheight     = 15.0pt
(typearea)              \headsep        = 18.0pt
(typearea)              \topskip        = 10.0pt
(typearea)              \footskip       = 42.0pt
(typearea)              \baselineskip   = 12.0pt
(typearea)              on input line 1213.
)
\c@part=\count80
\c@chapter=\count81
\c@section=\count82
\c@subsection=\count83
\c@subsubsection=\count84
\c@paragraph=\count85
\c@subparagraph=\count86
\abovecaptionskip=\skip45
\belowcaptionskip=\skip46
\c@pti@nb@sid@b@x=\box26
\c@figure=\count87
\c@table=\count88
\bibindent=\dimen102
) ("C:\Program Files (x86)\MiKTeX 2.9\tex\latex\geometry\geometry.sty"
Package: geometry 2010/09/12 v5.6 Page Geometry

("C:\Program Files (x86)\MiKTeX 2.9\tex\generic\oberdiek\ifpdf.sty"
Package: ifpdf 2011/01/30 v2.3 Provides the ifpdf switch (HO)
Package ifpdf Info: pdfTeX in PDF mode is detected.
)
("C:\Program Files (x86)\MiKTeX 2.9\tex\generic\oberdiek\ifvtex.sty"
Package: ifvtex 2010/03/01 v1.5 Detect VTeX and its facilities (HO)
Package ifvtex Info: VTeX not detected.
)
("C:\Program Files (x86)\MiKTeX 2.9\tex\generic\ifxetex\ifxetex.sty"
Package: ifxetex 2010/09/12 v0.6 Provides ifxetex conditional
)
\Gm@cnth=\count89
\Gm@cntv=\count90
\c@Gm@tempcnt=\count91
\Gm@bindingoffset=\dimen103
\Gm@wd@mp=\dimen104
\Gm@odd@mp=\dimen105
\Gm@even@mp=\dimen106
\Gm@layoutwidth=\dimen107
\Gm@layoutheight=\dimen108
\Gm@layouthoffset=\dimen109
\Gm@layoutvoffset=\dimen110
\Gm@dimlist=\toks15

("C:\Program Files (x86)\MiKTeX 2.9\tex\latex\geometry\geometry.cfg"))
("C:\Program Files (x86)\MiKTeX 2.9\tex\latex\base\inputenc.sty"
Package: inputenc 2008/03/30 v1.1d Input encoding file
\inpenc@prehook=\toks16
\inpenc@posthook=\toks17

("C:\Program Files (x86)\MiKTeX 2.9\tex\latex\base\utf8.def"
File: utf8.def 2008/04/05 v1.1m UTF-8 support for inputenc
Now handling font encoding OML ...
... no UTF-8 mapping file for font encoding OML
Now handling font encoding T1 ...
... processing UTF-8 mapping file for font encoding T1

("C:\Program Files (x86)\MiKTeX 2.9\tex\latex\base\t1enc.dfu"
File: t1enc.dfu 2008/04/05 v1.1m UTF-8 support for inputenc
   defining Unicode char U+00A1 (decimal 161)
   defining Unicode char U+00A3 (decimal 163)
   defining Unicode char U+00AB (decimal 171)
   defining Unicode char U+00BB (decimal 187)
   defining Unicode char U+00BF (decimal 191)
   defining Unicode char U+00C0 (decimal 192)
   defining Unicode char U+00C1 (decimal 193)
   defining Unicode char U+00C2 (decimal 194)
   defining Unicode char U+00C3 (decimal 195)
   defining Unicode char U+00C4 (decimal 196)
   defining Unicode char U+00C5 (decimal 197)
   defining Unicode char U+00C6 (decimal 198)
   defining Unicode char U+00C7 (decimal 199)
   defining Unicode char U+00C8 (decimal 200)
   defining Unicode char U+00C9 (decimal 201)
   defining Unicode char U+00CA (decimal 202)
   defining Unicode char U+00CB (decimal 203)
   defining Unicode char U+00CC (decimal 204)
   defining Unicode char U+00CD (decimal 205)
   defining Unicode char U+00CE (decimal 206)
   defining Unicode char U+00CF (decimal 207)
   defining Unicode char U+00D0 (decimal 208)
   defining Unicode char U+00D1 (decimal 209)
   defining Unicode char U+00D2 (decimal 210)
   defining Unicode char U+00D3 (decimal 211)
   defining Unicode char U+00D4 (decimal 212)
   defining Unicode char U+00D5 (decimal 213)
   defining Unicode char U+00D6 (decimal 214)
   defining Unicode char U+00D8 (decimal 216)
   defining Unicode char U+00D9 (decimal 217)
   defining Unicode char U+00DA (decimal 218)
   defining Unicode char U+00DB (decimal 219)
   defining Unicode char U+00DC (decimal 220)
   defining Unicode char U+00DD (decimal 221)
   defining Unicode char U+00DE (decimal 222)
   defining Unicode char U+00DF (decimal 223)
   defining Unicode char U+00E0 (decimal 224)
   defining Unicode char U+00E1 (decimal 225)
   defining Unicode char U+00E2 (decimal 226)
   defining Unicode char U+00E3 (decimal 227)
   defining Unicode char U+00E4 (decimal 228)
   defining Unicode char U+00E5 (decimal 229)
   defining Unicode char U+00E6 (decimal 230)
   defining Unicode char U+00E7 (decimal 231)
   defining Unicode char U+00E8 (decimal 232)
   defining Unicode char U+00E9 (decimal 233)
   defining Unicode char U+00EA (decimal 234)
   defining Unicode char U+00EB (decimal 235)
   defining Unicode char U+00EC (decimal 236)
   defining Unicode char U+00ED (decimal 237)
   defining Unicode char U+00EE (decimal 238)
   defining Unicode char U+00EF (decimal 239)
   defining Unicode char U+00F0 (decimal 240)
   defining Unicode char U+00F1 (decimal 241)
   defining Unicode char U+00F2 (decimal 242)
   defining Unicode char U+00F3 (decimal 243)
   defining Unicode char U+00F4 (decimal 244)
   defining Unicode char U+00F5 (decimal 245)
   defining Unicode char U+00F6 (decimal 246)
   defining Unicode char U+00F8 (decimal 248)
   defining Unicode char U+00F9 (decimal 249)
   defining Unicode char U+00FA (decimal 250)
   defining Unicode char U+00FB (decimal 251)
   defining Unicode char U+00FC (decimal 252)
   defining Unicode char U+00FD (decimal 253)
   defining Unicode char U+00FE (decimal 254)
   defining Unicode char U+00FF (decimal 255)
   defining Unicode char U+0102 (decimal 258)
   defining Unicode char U+0103 (decimal 259)
   defining Unicode char U+0104 (decimal 260)
   defining Unicode char U+0105 (decimal 261)
   defining Unicode char U+0106 (decimal 262)
   defining Unicode char U+0107 (decimal 263)
   defining Unicode char U+010C (decimal 268)
   defining Unicode char U+010D (decimal 269)
   defining Unicode char U+010E (decimal 270)
   defining Unicode char U+010F (decimal 271)
   defining Unicode char U+0110 (decimal 272)
   defining Unicode char U+0111 (decimal 273)
   defining Unicode char U+0118 (decimal 280)
   defining Unicode char U+0119 (decimal 281)
   defining Unicode char U+011A (decimal 282)
   defining Unicode char U+011B (decimal 283)
   defining Unicode char U+011E (decimal 286)
   defining Unicode char U+011F (decimal 287)
   defining Unicode char U+0130 (decimal 304)
   defining Unicode char U+0131 (decimal 305)
   defining Unicode char U+0132 (decimal 306)
   defining Unicode char U+0133 (decimal 307)
   defining Unicode char U+0139 (decimal 313)
   defining Unicode char U+013A (decimal 314)
   defining Unicode char U+013D (decimal 317)
   defining Unicode char U+013E (decimal 318)
   defining Unicode char U+0141 (decimal 321)
   defining Unicode char U+0142 (decimal 322)
   defining Unicode char U+0143 (decimal 323)
   defining Unicode char U+0144 (decimal 324)
   defining Unicode char U+0147 (decimal 327)
   defining Unicode char U+0148 (decimal 328)
   defining Unicode char U+014A (decimal 330)
   defining Unicode char U+014B (decimal 331)
   defining Unicode char U+0150 (decimal 336)
   defining Unicode char U+0151 (decimal 337)
   defining Unicode char U+0152 (decimal 338)
   defining Unicode char U+0153 (decimal 339)
   defining Unicode char U+0154 (decimal 340)
   defining Unicode char U+0155 (decimal 341)
   defining Unicode char U+0158 (decimal 344)
   defining Unicode char U+0159 (decimal 345)
   defining Unicode char U+015A (decimal 346)
   defining Unicode char U+015B (decimal 347)
   defining Unicode char U+015E (decimal 350)
   defining Unicode char U+015F (decimal 351)
   defining Unicode char U+0160 (decimal 352)
   defining Unicode char U+0161 (decimal 353)
   defining Unicode char U+0162 (decimal 354)
   defining Unicode char U+0163 (decimal 355)
   defining Unicode char U+0164 (decimal 356)
   defining Unicode char U+0165 (decimal 357)
   defining Unicode char U+016E (decimal 366)
   defining Unicode char U+016F (decimal 367)
   defining Unicode char U+0170 (decimal 368)
   defining Unicode char U+0171 (decimal 369)
   defining Unicode char U+0178 (decimal 376)
   defining Unicode char U+0179 (decimal 377)
   defining Unicode char U+017A (decimal 378)
   defining Unicode char U+017B (decimal 379)
   defining Unicode char U+017C (decimal 380)
   defining Unicode char U+017D (decimal 381)
   defining Unicode char U+017E (decimal 382)
   defining Unicode char U+200C (decimal 8204)
   defining Unicode char U+2013 (decimal 8211)
   defining Unicode char U+2014 (decimal 8212)
   defining Unicode char U+2018 (decimal 8216)
   defining Unicode char U+2019 (decimal 8217)
   defining Unicode char U+201A (decimal 8218)
   defining Unicode char U+201C (decimal 8220)
   defining Unicode char U+201D (decimal 8221)
   defining Unicode char U+201E (decimal 8222)
   defining Unicode char U+2030 (decimal 8240)
   defining Unicode char U+2031 (decimal 8241)
   defining Unicode char U+2039 (decimal 8249)
   defining Unicode char U+203A (decimal 8250)
   defining Unicode char U+2423 (decimal 9251)
)
Now handling font encoding OT1 ...
... processing UTF-8 mapping file for font encoding OT1

("C:\Program Files (x86)\MiKTeX 2.9\tex\latex\base\ot1enc.dfu"
File: ot1enc.dfu 2008/04/05 v1.1m UTF-8 support for inputenc
   defining Unicode char U+00A1 (decimal 161)
   defining Unicode char U+00A3 (decimal 163)
   defining Unicode char U+00B8 (decimal 184)
   defining Unicode char U+00BF (decimal 191)
   defining Unicode char U+00C5 (decimal 197)
   defining Unicode char U+00C6 (decimal 198)
   defining Unicode char U+00D8 (decimal 216)
   defining Unicode char U+00DF (decimal 223)
   defining Unicode char U+00E6 (decimal 230)
   defining Unicode char U+00EC (decimal 236)
   defining Unicode char U+00ED (decimal 237)
   defining Unicode char U+00EE (decimal 238)
   defining Unicode char U+00EF (decimal 239)
   defining Unicode char U+00F8 (decimal 248)
   defining Unicode char U+0131 (decimal 305)
   defining Unicode char U+0141 (decimal 321)
   defining Unicode char U+0142 (decimal 322)
   defining Unicode char U+0152 (decimal 338)
   defining Unicode char U+0153 (decimal 339)
   defining Unicode char U+2013 (decimal 8211)
   defining Unicode char U+2014 (decimal 8212)
   defining Unicode char U+2018 (decimal 8216)
   defining Unicode char U+2019 (decimal 8217)
   defining Unicode char U+201C (decimal 8220)
   defining Unicode char U+201D (decimal 8221)
)
Now handling font encoding OMS ...
... processing UTF-8 mapping file for font encoding OMS

("C:\Program Files (x86)\MiKTeX 2.9\tex\latex\base\omsenc.dfu"
File: omsenc.dfu 2008/04/05 v1.1m UTF-8 support for inputenc
   defining Unicode char U+00A7 (decimal 167)
   defining Unicode char U+00B6 (decimal 182)
   defining Unicode char U+00B7 (decimal 183)
   defining Unicode char U+2020 (decimal 8224)
   defining Unicode char U+2021 (decimal 8225)
   defining Unicode char U+2022 (decimal 8226)
)
Now handling font encoding OMX ...
... no UTF-8 mapping file for font encoding OMX
Now handling font encoding U ...
... no UTF-8 mapping file for font encoding U
   defining Unicode char U+00A9 (decimal 169)
   defining Unicode char U+00AA (decimal 170)
   defining Unicode char U+00AE (decimal 174)
   defining Unicode char U+00BA (decimal 186)
   defining Unicode char U+02C6 (decimal 710)
   defining Unicode char U+02DC (decimal 732)
   defining Unicode char U+200C (decimal 8204)
   defining Unicode char U+2026 (decimal 8230)
   defining Unicode char U+2122 (decimal 8482)
   defining Unicode char U+2423 (decimal 9251)
))
(C:\Users\HP1\AppData\Roaming\MiKTeX\2.9\tex\latex\fncychap\fncychap.sty
Package: fncychap 2007/07/30 v1.34 LaTeX package (Revised chapters)
\RW=\skip47
\mylen=\skip48
\myhi=\skip49
\px=\skip50
\py=\skip51
\pyy=\skip52
\pxx=\skip53

("C:\Program Files (x86)\MiKTeX 2.9\tex\latex\graphics\color.sty"
Package: color 2005/11/14 v1.0j Standard LaTeX Color (DPC)

("C:\Program Files (x86)\MiKTeX 2.9\tex\latex\00miktex\color.cfg"
File: color.cfg 2007/01/18 v1.5 color configuration of teTeX/TeXLive
)
Package color Info: Driver file: pdftex.def on input line 130.

("C:\Program Files (x86)\MiKTeX 2.9\tex\latex\pdftex-def\pdftex.def"
File: pdftex.def 2011/05/27 v0.06d Graphics/color for pdfTeX

("C:\Program Files (x86)\MiKTeX 2.9\tex\generic\oberdiek\infwarerr.sty"
Package: infwarerr 2010/04/08 v1.3 Providing info/warning/error messages (HO)
)
("C:\Program Files (x86)\MiKTeX 2.9\tex\generic\oberdiek\ltxcmds.sty"
Package: ltxcmds 2011/11/09 v1.22 LaTeX kernel commands for general use (HO)
)
\Gread@gobject=\count92
)))
(C:\Users\HP1\AppData\Roaming\MiKTeX\2.9\tex\latex\german\ngerman.sty
v2.5e 1998-07-08
Package: ngerman 1998/07/08 v2.5e Support for writing german texts (br)
\grmnU@D=\dimen111
ngerman -- \language number for naustrian undefined, default 43 used.
)
("C:\Program Files (x86)\MiKTeX 2.9\tex\latex\graphics\graphicx.sty"
Package: graphicx 1999/02/16 v1.0f Enhanced LaTeX Graphics (DPC,SPQR)

("C:\Program Files (x86)\MiKTeX 2.9\tex\latex\graphics\graphics.sty"
Package: graphics 2009/02/05 v1.0o Standard LaTeX Graphics (DPC,SPQR)

("C:\Program Files (x86)\MiKTeX 2.9\tex\latex\graphics\trig.sty"
Package: trig 1999/03/16 v1.09 sin cos tan (DPC)
)
("C:\Program Files (x86)\MiKTeX 2.9\tex\latex\00miktex\graphics.cfg"
File: graphics.cfg 2007/01/18 v1.5 graphics configuration of teTeX/TeXLive
)
Package graphics Info: Driver file: pdftex.def on input line 91.
)
\Gin@req@height=\dimen112
\Gin@req@width=\dimen113
)
("C:\Program Files (x86)\MiKTeX 2.9\tex\latex\oberdiek\epstopdf.sty"
Package: epstopdf 2010/02/09 v2.5 Conversion with epstopdf on the fly (HO)

("C:\Program Files (x86)\MiKTeX 2.9\tex\latex\oberdiek\epstopdf-base.sty"
Package: epstopdf-base 2010/02/09 v2.5 Base part for package epstopdf

("C:\Program Files (x86)\MiKTeX 2.9\tex\latex\oberdiek\grfext.sty"
Package: grfext 2010/08/19 v1.1 Manage graphics extensions (HO)

("C:\Program Files (x86)\MiKTeX 2.9\tex\generic\oberdiek\kvdefinekeys.sty"
Package: kvdefinekeys 2011/04/07 v1.3 Define keys (HO)
))
("C:\Program Files (x86)\MiKTeX 2.9\tex\latex\oberdiek\kvoptions.sty"
Package: kvoptions 2011/06/30 v3.11 Key value format for package options (HO)

("C:\Program Files (x86)\MiKTeX 2.9\tex\generic\oberdiek\kvsetkeys.sty"
Package: kvsetkeys 2012/04/25 v1.16 Key value parser (HO)

("C:\Program Files (x86)\MiKTeX 2.9\tex\generic\oberdiek\etexcmds.sty"
Package: etexcmds 2011/02/16 v1.5 Avoid name clashes with e-TeX commands (HO)

("C:\Program Files (x86)\MiKTeX 2.9\tex\generic\oberdiek\ifluatex.sty"
Package: ifluatex 2010/03/01 v1.3 Provides the ifluatex switch (HO)
Package ifluatex Info: LuaTeX not detected.
)
Package etexcmds Info: Could not find \expanded.
(etexcmds)             That can mean that you are not using pdfTeX 1.50 or
(etexcmds)             that some package has redefined \expanded.
(etexcmds)             In the latter case, load this package earlier.
)))
("C:\Program Files (x86)\MiKTeX 2.9\tex\generic\oberdiek\pdftexcmds.sty"
Package: pdftexcmds 2011/11/29 v0.20 Utility functions of pdfTeX for LuaTeX (HO
)
Package pdftexcmds Info: LuaTeX not detected.
Package pdftexcmds Info: \pdf@primitive is available.
Package pdftexcmds Info: \pdf@ifprimitive is available.
Package pdftexcmds Info: \pdfdraftmode found.
)
Package grfext Info: Graphics extension search list:
(grfext)             [.png,.pdf,.jpg,.mps,.jpeg,.jbig2,.jb2,.PNG,.PDF,.JPG,.JPE
G,.JBIG2,.JB2,.eps]
(grfext)             \AppendGraphicsExtensions on input line 452.
))
(C:\Users\HP1\AppData\Roaming\MiKTeX\2.9\tex\latex\etoolbox\etoolbox.sty
Package: etoolbox 2011/01/03 v2.1 e-TeX tools for LaTeX

("C:\Program Files (x86)\MiKTeX 2.9\tex\latex\misc\etex.sty"
Package: etex 1998/03/26 v2.0 eTeX basic definition package (PEB)
\et@xins=\count93
)
\etb@tempcnta=\count94
)
(C:\Users\HP1\AppData\Roaming\MiKTeX\2.9\tex\latex\enumitem\enumitem.sty
Package: enumitem 2011/09/28 v3.5.2 Customized lists
\labelindent=\skip54
\enit@outerparindent=\dimen114
\enit@toks=\toks18
\enit@inbox=\box27
\enitdp@description=\count95
)
("C:\Program Files (x86)\MiKTeX 2.9\tex\latex\ltxmisc\url.sty"
\Urlmuskip=\muskip10
Package: url 2006/04/12  ver 3.3  Verb mode for urls, etc.
)
(C:\Users\HP1\AppData\Roaming\MiKTeX\2.9\tex\latex\numprint\numprint.sty
Package: numprint 2012/08/20 v1.39 Print numbers (HH)

("C:\Program Files (x86)\MiKTeX 2.9\tex\latex\tools\array.sty"
Package: array 2008/09/09 v2.4c Tabular extension package (FMi)
\col@sep=\dimen115
\extrarowheight=\dimen116
\NC@list=\toks19
\extratabsurround=\skip55
\backup@length=\skip56
)
\c@nprt@mantissa@digitsbefore=\count96
\c@nprt@mantissa@digitsafter=\count97
\c@nprt@exponent@digitsbefore=\count98
\c@nprt@exponent@digitsafter=\count99
\nprt@digitwidth=\skip57
\nprt@sepwidth=\skip58
\nprt@decimalwidth=\skip59
\nprt@blockwidth=\skip60
\nprt@digittoks=\toks20
\nprt@pretoks=\toks21
\nprt@posttoks=\toks22
\nprt@thisdigit=\count100
\nprt@curpos=\count101
\nprt@rndpos=\count102
\c@nprt@digitsfirstblock=\count103
\c@nprt@blockcnt=\count104
\c@nprt@cntprint=\count105

No configuration file `numprint.cfg' found.)
(C:\Users\HP1\Desktop\Stud\5Semester\SEP\repo\JoglEarth\Pflichtenheft\Pflichten
heft.aux)
LaTeX Font Info:    Checking defaults for OML/cmm/m/it on input line 21.
LaTeX Font Info:    ... okay on input line 21.
LaTeX Font Info:    Checking defaults for T1/cmr/m/n on input line 21.
LaTeX Font Info:    ... okay on input line 21.
LaTeX Font Info:    Checking defaults for OT1/cmr/m/n on input line 21.
LaTeX Font Info:    ... okay on input line 21.
LaTeX Font Info:    Checking defaults for OMS/cmsy/m/n on input line 21.
LaTeX Font Info:    ... okay on input line 21.
LaTeX Font Info:    Checking defaults for OMX/cmex/m/n on input line 21.
LaTeX Font Info:    ... okay on input line 21.
LaTeX Font Info:    Checking defaults for U/cmr/m/n on input line 21.
LaTeX Font Info:    ... okay on input line 21.

*geometry* driver: auto-detecting
*geometry* detected driver: pdftex
*geometry* verbose mode - [ preamble ] result:
* driver: pdftex
* paper: a4paper
* layout: <same size as paper>
* layoutoffset:(h,v)=(0.0pt,0.0pt)
* modes: 
* h-part:(L,W,R)=(85.35826pt, 455.24411pt, 56.9055pt)
* v-part:(T,H,B)=(85.35826pt, 674.33032pt, 85.35826pt)
* \paperwidth=597.50787pt
* \paperheight=845.04684pt
* \textwidth=455.24411pt
* \textheight=674.33032pt
* \oddsidemargin=13.08827pt
* \evensidemargin=13.08827pt
* \topmargin=-19.91173pt
* \headheight=15.0pt
* \headsep=18.0pt
* \topskip=10.0pt
* \footskip=42.0pt
* \marginparwidth=74.68849pt
* \marginparsep=12.8401pt
* \columnsep=10.0pt
* \skip\footins=9.0pt plus 4.0pt minus 2.0pt
* \hoffset=0.0pt
* \voffset=0.0pt
* \mag=1000
* \@twocolumnfalse
* \@twosidefalse
* \@mparswitchfalse
* \@reversemarginfalse
* (1in=72.27pt=25.4mm, 1cm=28.453pt)

(C:\Users\HP1\AppData\Roaming\MiKTeX\2.9\tex\context\base\supp-pdf.mkii
[Loading MPS to PDF converter (version 2006.09.02).]
\scratchcounter=\count106
\scratchdimen=\dimen117
\scratchbox=\box28
\nofMPsegments=\count107
\nofMParguments=\count108
\everyMPshowfont=\toks23
\MPscratchCnt=\count109
\MPscratchDim=\dimen118
\MPnumerator=\count110
\makeMPintoPDFobject=\count111
\everyMPtoPDFconversion=\toks24
)
Package epstopdf Info: Source file: <uniLogo.eps>
(epstopdf)                    date: 2013-10-17 15:38:49
(epstopdf)                    size: 80796 bytes
(epstopdf)             Output file: <uniLogo-eps-converted-to.pdf>
(epstopdf)                    date: 2013-10-18 14:40:15
(epstopdf)                    size: 33757 bytes
(epstopdf)             Command: <epstopdf --outfile=uniLogo-eps-converted-to.pd
f uniLogo.eps>
(epstopdf)             \includegraphics on input line 30.
Package epstopdf Info: Output file is already uptodate.
 <uniLogo-eps-converted-to.pdf, id=1, 546.04pt x 187.70125pt>
File: uniLogo-eps-converted-to.pdf Graphic file (type pdf)

<use uniLogo-eps-converted-to.pdf>
Package pdftex.def Info: uniLogo-eps-converted-to.pdf used on input line 30.
(pdftex.def)             Requested size: 218.41212pt x 75.07916pt.
Package epstopdf Info: Source file: <Logo-Print.eps>
(epstopdf)                    date: 2013-10-17 15:38:49
(epstopdf)                    size: 8594 bytes
(epstopdf)             Output file: <Logo-Print-eps-converted-to.pdf>
(epstopdf)                    date: 2013-10-18 14:40:16
(epstopdf)                    size: 5146 bytes
(epstopdf)             Command: <epstopdf --outfile=Logo-Print-eps-converted-to
.pdf Logo-Print.eps>
(epstopdf)             \includegraphics on input line 46.
Package epstopdf Info: Output file is already uptodate.

<Logo-Print-eps-converted-to.pdf, id=2, 98.3675pt x 34.1275pt>
File: Logo-Print-eps-converted-to.pdf Graphic file (type pdf)

<use Logo-Print-eps-converted-to.pdf>
Package pdftex.def Info: Logo-Print-eps-converted-to.pdf used on input line 46.

(pdftex.def)             Requested size: 147.55084pt x 51.19109pt.
LaTeX Font Info:    External font `cmex10' loaded for size
(Font)              <7> on input line 63.
LaTeX Font Info:    External font `cmex10' loaded for size
(Font)              <5> on input line 63.
 [1

{C:/Users/HP1/AppData/Local/MiKTeX/2.9/pdftex/config/pdftex.map} <C:/Users/HP1/
Desktop/Stud/5Semester/SEP/repo/JoglEarth/Pflichtenheft/uniLogo-eps-converted-t
o.pdf> <C:/Users/HP1/Desktop/Stud/5Semester/SEP/repo/JoglEarth/Pflichtenheft/Lo
go-Print-eps-converted-to.pdf>]
(C:\Users\HP1\Desktop\Stud\5Semester\SEP\repo\JoglEarth\Pflichtenheft\Pflichten
heft.toc)
\tf@toc=\write3
 [2

] [3]
Kapitel 1.
LaTeX Font Info:    Try loading font information for OT1+pzc on input line 90.
("C:\Program Files (x86)\MiKTeX 2.9\tex\latex\psnfss\ot1pzc.fd"
File: ot1pzc.fd 2001/06/04 font definitions for OT1/pzc.
)
LaTeX Font Info:    Font shape `OT1/pzc/m/n' in size <76> not available
(Font)              Font shape `OT1/pzc/mb/it' tried instead on input line 90.

Overfull \hbox (10.0pt too wide) in paragraph at lines 90--90
[][][][][][][][][]  
 []

LaTeX Font Info:    Try loading font information for OMS+cmr on input line 99.
("C:\Program Files (x86)\MiKTeX 2.9\tex\latex\base\omscmr.fd"
File: omscmr.fd 1999/05/25 v2.5h Standard LaTeX font definitions
)
LaTeX Font Info:    Font shape `OMS/cmr/m/n' in size <10> not available
(Font)              Font shape `OMS/cmsy/m/n' tried instead on input line 99.
 [4

]
Kapitel 2.

Overfull \hbox (10.0pt too wide) in paragraph at lines 114--114
[][][][][][][][][]  
 []

LaTeX Font Info:    External font `cmex10' loaded for size
(Font)              <8> on input line 154.
LaTeX Font Info:    External font `cmex10' loaded for size
(Font)              <6> on input line 154.
[5

] [6]
Kapitel 3.

Overfull \hbox (10.0pt too wide) in paragraph at lines 160--160
[][][][][][][][][]  
 []

[7

]
Kapitel 4.

Overfull \hbox (10.0pt too wide) in paragraph at lines 190--190
[][][][][][][][][]  
 []

[8

] [9]
Kapitel 5.

Overfull \hbox (10.0pt too wide) in paragraph at lines 238--238
[][][][][][][][][]  
 []

[10

] [11]
Kapitel 6.

Overfull \hbox (10.0pt too wide) in paragraph at lines 286--286
[][][][][][][][][]  
 []

[12

]
Kapitel 7.

Overfull \hbox (10.0pt too wide) in paragraph at lines 316--316
[][][][][][][][][]  
 []

[13

] [14]
Kapitel 8.

Overfull \hbox (10.0pt too wide) in paragraph at lines 355--355
[][][][][][][][][]  
 []

Package epstopdf Info: Source file: <GUI-Ansicht.eps>
(epstopdf)                    date: 2013-10-17 15:38:49
(epstopdf)                    size: 144431 bytes
(epstopdf)             Output file: <GUI-Ansicht-eps-converted-to.pdf>
(epstopdf)                    date: 2013-10-18 14:40:16
(epstopdf)                    size: 48736 bytes
(epstopdf)             Command: <epstopdf --outfile=GUI-Ansicht-eps-converted-t
o.pdf GUI-Ansicht.eps>
(epstopdf)             \includegraphics on input line 367.
Package epstopdf Info: Output file is already uptodate.
<GUI-Ansicht-eps-converted-to.pdf, id=63, 457.71pt x 294.09875pt>
File: GUI-Ansicht-eps-converted-to.pdf Graphic file (type pdf)

<use GUI-Ansicht-eps-converted-to.pdf>
Package pdftex.def Info: GUI-Ansicht-eps-converted-to.pdf used on input line 36
7.
(pdftex.def)             Requested size: 411.9352pt x 264.68642pt.
Package epstopdf Info: Source file: <GUI-Ausgeblendet.eps>
(epstopdf)                    date: 2013-10-17 15:38:49
(epstopdf)                    size: 110161 bytes
(epstopdf)             Output file: <GUI-Ausgeblendet-eps-converted-to.pdf>
(epstopdf)                    date: 2013-10-18 14:40:17
(epstopdf)                    size: 37432 bytes
(epstopdf)             Command: <epstopdf --outfile=GUI-Ausgeblendet-eps-conver
ted-to.pdf GUI-Ausgeblendet.eps>
(epstopdf)             \includegraphics on input line 372.
Package epstopdf Info: Output file is already uptodate.

<GUI-Ausgeblendet-eps-converted-to.pdf, id=64, 457.71pt x 294.09875pt>
File: GUI-Ausgeblendet-eps-converted-to.pdf Graphic file (type pdf)

<use GUI-Ausgeblendet-eps-converted-to.pdf>
Package pdftex.def Info: GUI-Ausgeblendet-eps-converted-to.pdf used on input li
ne 372.
(pdftex.def)             Requested size: 411.9352pt x 264.68642pt.
Package epstopdf Info: Source file: <GUI-Orte.eps>
(epstopdf)                    date: 2013-10-17 15:38:49
(epstopdf)                    size: 51507 bytes
(epstopdf)             Output file: <GUI-Orte-eps-converted-to.pdf>
(epstopdf)                    date: 2013-10-18 14:40:17
(epstopdf)                    size: 22526 bytes
(epstopdf)             Command: <epstopdf --outfile=GUI-Orte-eps-converted-to.p
df GUI-Orte.eps>
(epstopdf)             \includegraphics on input line 379.
Package epstopdf Info: Output file is already uptodate.

<GUI-Orte-eps-converted-to.pdf, id=65, 144.54pt x 353.32pt>
File: GUI-Orte-eps-converted-to.pdf Graphic file (type pdf)

<use GUI-Orte-eps-converted-to.pdf>
Package pdftex.def Info: GUI-Orte-eps-converted-to.pdf used on input line 379.
(pdftex.def)             Requested size: 130.08478pt x 317.98506pt.
Package epstopdf Info: Source file: <GUI-Einstellungen.eps>
(epstopdf)                    date: 2013-10-18 14:36:23
(epstopdf)                    size: 55022 bytes
(epstopdf)             Output file: <GUI-Einstellungen-eps-converted-to.pdf>
(epstopdf)                    date: 2013-10-18 14:40:18
(epstopdf)                    size: 21259 bytes
(epstopdf)             Command: <epstopdf --outfile=GUI-Einstellungen-eps-conve
rted-to.pdf GUI-Einstellungen.eps>
(epstopdf)             \includegraphics on input line 383.
Package epstopdf Info: Output file is already uptodate.

<GUI-Einstellungen-eps-converted-to.pdf, id=66, 144.54pt x 353.32pt>
File: GUI-Einstellungen-eps-converted-to.pdf Graphic file (type pdf)

<use GUI-Einstellungen-eps-converted-to.pdf>
Package pdftex.def Info: GUI-Einstellungen-eps-converted-to.pdf used on input l
ine 383.
(pdftex.def)             Requested size: 130.08478pt x 317.98506pt.
Package epstopdf Info: Source file: <GUI-ServerDialog.eps>
(epstopdf)                    date: 2013-10-18 14:36:23
(epstopdf)                    size: 45481 bytes
(epstopdf)             Output file: <GUI-ServerDialog-eps-converted-to.pdf>
(epstopdf)                    date: 2013-10-18 14:40:18
(epstopdf)                    size: 20919 bytes
(epstopdf)             Command: <epstopdf --outfile=GUI-ServerDialog-eps-conver
ted-to.pdf GUI-ServerDialog.eps>
(epstopdf)             \includegraphics on input line 389.
Package epstopdf Info: Output file is already uptodate.

<GUI-ServerDialog-eps-converted-to.pdf, id=67, 195.73125pt x 140.525pt>
File: GUI-ServerDialog-eps-converted-to.pdf Graphic file (type pdf)

<use GUI-ServerDialog-eps-converted-to.pdf>
Package pdftex.def Info: GUI-ServerDialog-eps-converted-to.pdf used on input li
ne 389.
(pdftex.def)             Requested size: 176.15648pt x 126.47131pt.
 [15

] [16 <C:/Users/HP1/Desktop/Stud/5Semester/SEP/repo/JoglEarth/Pflichtenheft/GUI
-Ansicht-eps-converted-to.pdf> <C:/Users/HP1/Desktop/Stud/5Semester/SEP/repo/Jo
glEarth/Pflichtenheft/GUI-Ausgeblendet-eps-converted-to.pdf>] [17 <C:/Users/HP1
/Desktop/Stud/5Semester/SEP/repo/JoglEarth/Pflichtenheft/GUI-Orte-eps-converted
-to.pdf> <C:/Users/HP1/Desktop/Stud/5Semester/SEP/repo/JoglEarth/Pflichtenheft/
GUI-Einstellungen-eps-converted-to.pdf> <C:/Users/HP1/Desktop/Stud/5Semester/SE
P/repo/JoglEarth/Pflichtenheft/GUI-ServerDialog-eps-converted-to.pdf>]
Kapitel 9.

Overfull \hbox (10.0pt too wide) in paragraph at lines 396--396
[][][][][][][][][]  
 []

[18

]
Kapitel 10.

Overfull \hbox (10.0pt too wide) in paragraph at lines 444--444
[][][][][][][][][]  
 []

[19

]
Kapitel 11.

Overfull \hbox (10.0pt too wide) in paragraph at lines 450--450
[][][][][][][][][]  
 []

[20

]
Kapitel 12.

Overfull \hbox (10.0pt too wide) in paragraph at lines 473--473
[][][][][][][][][]  
 []

[21

]
(C:\Users\HP1\Desktop\Stud\5Semester\SEP\repo\JoglEarth\Pflichtenheft\Pflichten
heft.aux) ) 
Here is how much of TeX's memory you used:
 4857 strings out of 493921
 73417 string characters out of 3144881
 173816 words of memory out of 3000000
 8060 multiletter control sequences out of 15000+200000
 10049 words of font info for 33 fonts, out of 3000000 for 9000
 841 hyphenation exceptions out of 8191
 54i,9n,42p,799b,382s stack positions out of 5000i,500n,10000p,200000b,50000s
{C:/Program Files (x86)/MiKTeX 2.9/fonts/enc/dvips/fontname/8r.enc}<
C:/Program Files (x86)/MiKTeX 2.9/fonts/type1/public/amsfonts/cm/cmbx10.pfb><C:
/Program Files (x86)/MiKTeX 2.9/fonts/type1/public/amsfonts/cm/cmr10.pfb><C:/Pr
ogram Files (x86)/MiKTeX 2.9/fonts/type1/public/amsfonts/cm/cmr6.pfb><C:/Progra
m Files (x86)/MiKTeX 2.9/fonts/type1/public/amsfonts/cm/cmr7.pfb><C:/Program Fi
les (x86)/MiKTeX 2.9/fonts/type1/public/amsfonts/cm/cmss10.pfb><C:/Program File
s (x86)/MiKTeX 2.9/fonts/type1/public/amsfonts/cm/cmss12.pfb><C:/Program Files 
(x86)/MiKTeX 2.9/fonts/type1/public/amsfonts/cm/cmss17.pfb><C:/Program Files (x
86)/MiKTeX 2.9/fonts/type1/public/amsfonts/cm/cmssbx10.pfb><C:/Program Files (x
86)/MiKTeX 2.9/fonts/type1/public/amsfonts/cm/cmsy10.pfb><C:/Program Files (x86
)/MiKTeX 2.9/fonts/type1/public/amsfonts/cm/cmti10.pfb><C:/Program Files (x86)/
MiKTeX 2.9/fonts/type1/public/amsfonts/cm/cmtt8.pfb><C:/Program Files (x86)/MiK
TeX 2.9/fonts/type1/urw/zapfchan/uzcmi8a.pfb>
Output written on Pflichtenheft.pdf (21 pages, 351990 bytes).
PDF statistics:
 194 PDF objects out of 1000 (max. 8388607)
 0 named destinations out of 1000 (max. 500000)
 36 words of extra memory for PDF output out of 10000 (max. 10000000)

